<?xml version="1.0" encoding="UTF-8"?>
<!-- Generated by org.testng.reporters.JUnitReportReporter -->
<testsuite hostname="DESKTOP-VEPLKH6" failures="0" tests="2" name="Com.EC.Base.BaseTest" time="20.945" errors="0" timestamp="2024-02-06T18:50:29 IST" skipped="0">
  <testcase classname="Com.EC.Base.BaseTest" name="init" time="9.920"/>
  <testcase classname="Com.EC.Base.BaseTest" name="init" time="11.025"/>
</testsuite> <!-- Com.EC.Base.BaseTest -->
